TN:
SF:src\index.ts
FN:69,formatMoney
FN:73,parseFeatureFlags
FN:83,generateOrderNumber
FN:89,generateCartId
FNF:4
FNH:4
FNDA:5,formatMoney
FNDA:4,parseFeatureFlags
FNDA:1,generateOrderNumber
FNDA:2,generateCartId
DA:42,1
DA:43,1
DA:44,1
DA:45,1
DA:69,1
DA:70,5
DA:71,5
DA:73,1
DA:74,4
DA:76,2
DA:77,3
DA:78,3
DA:79,3
DA:80,2
DA:81,2
DA:83,1
DA:84,1
DA:85,1
DA:86,1
DA:87,1
DA:89,1
DA:90,2
DA:91,2
LF:23
LH:23
BRDA:42,0,0,1
BRDA:69,1,0,5
BRDA:73,2,0,4
BRDA:74,3,0,2
BRDA:76,4,0,3
BRDA:78,5,0,2
BRDA:83,6,0,1
BRDA:89,7,0,2
BRF:8
BRH:8
end_of_record
